<?xml version="1.0" encoding="UTF-8"?>
<!-- Generated by org.testng.reporters.JUnitReportReporter -->
<testsuite hostname="LAPTOP-04Q9POON" name="com.nlsinc.java.FacebookProject.FacebookTestNG" tests="2" failures="0" timestamp="27 Jul 2016 17:09:59 GMT" time="36.685" errors="0">
  <testcase name="enterfname" time="16.863" classname="com.nlsinc.java.FacebookProject.FacebookTestNG"/>
  <testcase name="DriverInitialization" time="19.822" classname="com.nlsinc.java.FacebookProject.FacebookTestNG"/>
</testsuite> <!-- com.nlsinc.java.FacebookProject.FacebookTestNG -->
